        -:    0:Source:TestAllocator.c++
        -:    0:Graph:TestAllocator.gcno
        -:    0:Data:TestAllocator.gcda
        -:    0:Runs:1
        -:    0:Programs:1
        -:    1:// ------------------------------------
        -:    2:// projects/allocator/TestAllocator1.c++
        -:    3:// Copyright (C) 2015
        -:    4:// Glenn P. Downing
        -:    5:// ------------------------------------
        -:    6:
        -:    7:// --------
        -:    8:// includes
        -:    9:// --------
        -:   10:
        -:   11:#include <algorithm> // count
        -:   12:#include <memory>    // allocator
        -:   13:
        -:   14:#include "gtest/gtest.h"
        -:   15:#include <iostream>
        -:   16:#include <new>  
        -:   17:#include "Allocator.h"
        -:   18:
        -:   19:// --------------
        -:   20:// TestAllocator1
        -:   21:// --------------
        -:   22:
        -:   23:template <typename A>
function _ZN14TestAllocator1ISaIiEED0Ev called 0 returned 0% blocks executed 0%
function _ZN14TestAllocator1ISaIiEED2Ev called 2 returned 100% blocks executed 75%
function _ZN14TestAllocator1ISaIiEEC2Ev called 2 returned 100% blocks executed 100%
function _ZN14TestAllocator1ISaIdEED0Ev called 0 returned 0% blocks executed 0%
function _ZN14TestAllocator1ISaIdEED2Ev called 2 returned 100% blocks executed 75%
function _ZN14TestAllocator1ISaIdEEC2Ev called 2 returned 100% blocks executed 100%
function _ZN14TestAllocator1I9AllocatorIiLm100EEED0Ev called 0 returned 0% blocks executed 0%
function _ZN14TestAllocator1I9AllocatorIiLm100EEED2Ev called 2 returned 100% blocks executed 75%
function _ZN14TestAllocator1I9AllocatorIiLm100EEEC2Ev called 2 returned 100% blocks executed 100%
function _ZN14TestAllocator1I9AllocatorIdLm100EEED0Ev called 0 returned 0% blocks executed 0%
function _ZN14TestAllocator1I9AllocatorIdLm100EEED2Ev called 2 returned 100% blocks executed 75%
function _ZN14TestAllocator1I9AllocatorIdLm100EEEC2Ev called 2 returned 100% blocks executed 100%
       16:   24:struct TestAllocator1 : testing::Test {
call    0 never executed
call    1 never executed
call    2 returned 100%
branch  3 taken 0% (fallthrough)
branch  4 taken 100%
call    5 never executed
call    6 returned 100%
call    7 never executed
call    8 never executed
call    9 returned 100%
branch 10 taken 0% (fallthrough)
branch 11 taken 100%
call   12 never executed
call   13 returned 100%
call   14 never executed
call   15 never executed
call   16 returned 100%
branch 17 taken 0% (fallthrough)
branch 18 taken 100%
call   19 never executed
call   20 returned 100%
call   21 never executed
call   22 never executed
call   23 returned 100%
branch 24 taken 0% (fallthrough)
branch 25 taken 100%
call   26 never executed
call   27 returned 100%
        -:   25:    // --------
        -:   26:    // typedefs
        -:   27:    // --------
        -:   28:
        -:   29:    typedef          A             allocator_type;
        -:   30:    typedef typename A::value_type value_type;
        -:   31:    typedef typename A::size_type  size_type;
        -:   32:    typedef typename A::pointer    pointer;};
        -:   33:
        -:   34:typedef testing::Types<
        -:   35:            std::allocator<int>,
        -:   36:            std::allocator<double>,
        -:   37:            Allocator<int,    100>,
        -:   38:            Allocator<double, 100> >
        -:   39:        my_types_1;
        -:   40:
        -:   41:TYPED_TEST_CASE(TestAllocator1, my_types_1);
        -:   42:
function _ZN26TestAllocator1_test_1_TestISaIiEE8TestBodyEv called 1 returned 100% blocks executed 53%
function _ZN26TestAllocator1_test_1_TestISaIdEE8TestBodyEv called 1 returned 100% blocks executed 53%
function _ZN26TestAllocator1_test_1_TestI9AllocatorIiLm100EEE8TestBodyEv called 1 returned 100% blocks executed 19%
function _ZN26TestAllocator1_test_1_TestI9AllocatorIdLm100EEE8TestBodyEv called 1 returned 100% blocks executed 19%
function _ZN26TestAllocator1_test_1_TestISaIiEED0Ev called 1 returned 100% blocks executed 100%
function _ZN26TestAllocator1_test_1_TestISaIiEED2Ev called 1 returned 100% blocks executed 75%
function _ZN26TestAllocator1_test_1_TestISaIdEED0Ev called 1 returned 100% blocks executed 100%
function _ZN26TestAllocator1_test_1_TestISaIdEED2Ev called 1 returned 100% blocks executed 75%
function _ZN26TestAllocator1_test_1_TestI9AllocatorIiLm100EEED0Ev called 1 returned 100% blocks executed 100%
function _ZN26TestAllocator1_test_1_TestI9AllocatorIiLm100EEED2Ev called 1 returned 100% blocks executed 75%
function _ZN26TestAllocator1_test_1_TestI9AllocatorIdLm100EEED0Ev called 1 returned 100% blocks executed 100%
function _ZN26TestAllocator1_test_1_TestI9AllocatorIdLm100EEED2Ev called 1 returned 100% blocks executed 75%
function _ZN26TestAllocator1_test_1_TestISaIiEEC2Ev called 1 returned 100% blocks executed 100%
function _ZN26TestAllocator1_test_1_TestISaIdEEC2Ev called 1 returned 100% blocks executed 100%
function _ZN26TestAllocator1_test_1_TestI9AllocatorIiLm100EEEC2Ev called 1 returned 100% blocks executed 100%
function _ZN26TestAllocator1_test_1_TestI9AllocatorIdLm100EEEC2Ev called 1 returned 100% blocks executed 100%
       17:   43:TYPED_TEST(TestAllocator1, test_1) {
call    0 returned 100%
call    1 returned 100%
call    2 returned 100%
branch  3 taken 0% (fallthrough)
branch  4 taken 100%
call    5 never executed
call    6 returned 100%
call    7 returned 100%
call    8 returned 100%
branch  9 taken 0% (fallthrough)
branch 10 taken 100%
call   11 never executed
call   12 returned 100%
call   13 returned 100%
call   14 returned 100%
branch 15 taken 0% (fallthrough)
branch 16 taken 100%
call   17 never executed
call   18 returned 100%
call   19 returned 100%
call   20 returned 100%
branch 21 taken 0% (fallthrough)
branch 22 taken 100%
call   23 never executed
call   24 returned 100%
call   25 returned 100%
call   26 returned 100%
call   27 returned 100%
call   28 returned 100%
        -:   44:    typedef typename TestFixture::allocator_type allocator_type;
        -:   45:    typedef typename TestFixture::value_type     value_type;
        -:   46:    typedef typename TestFixture::size_type      size_type;
        -:   47:    typedef typename TestFixture::pointer        pointer;
        -:   48:
        4:   49:          allocator_type x;
call    0 returned 100%
call    1 returned 100%
call    2 returned 100%
branch  3 taken 100% (fallthrough)
branch  4 taken 0% (throw)
call    5 returned 100%
branch  6 taken 100% (fallthrough)
branch  7 taken 0% (throw)
        4:   50:    const size_type      s = 1;
        4:   51:    const value_type     v = 2;
        4:   52:    const pointer        p = x.allocate(s);
call    0 returned 100%
branch  1 taken 100% (fallthrough)
branch  2 taken 0% (throw)
call    3 returned 100%
branch  4 taken 100% (fallthrough)
branch  5 taken 0% (throw)
call    6 returned 100%
branch  7 taken 100% (fallthrough)
branch  8 taken 0% (throw)
call    9 returned 100%
branch 10 taken 100% (fallthrough)
branch 11 taken 0% (throw)
        4:   53:    if (p != nullptr) {
branch  0 taken 100% (fallthrough)
branch  1 taken 0%
branch  2 taken 100% (fallthrough)
branch  3 taken 0%
branch  4 taken 0% (fallthrough)
branch  5 taken 100%
branch  6 taken 0% (fallthrough)
branch  7 taken 100%
        2:   54:        x.construct(p, v);
call    0 returned 100%
call    1 returned 100%
call    2 never executed
branch  3 never executed
branch  4 never executed
call    5 never executed
branch  6 never executed
branch  7 never executed
        6:   55:        ASSERT_EQ(v, *p);
call    0 returned 100%
branch  1 taken 100% (fallthrough)
branch  2 taken 0% (throw)
call    3 returned 100%
branch  4 taken 0% (fallthrough)
branch  5 taken 100%
call    6 never executed
branch  7 never executed
branch  8 never executed
call    9 never executed
branch 10 never executed
branch 11 never executed
call   12 never executed
branch 13 never executed
branch 14 never executed
call   15 never executed
branch 16 never executed
branch 17 never executed
call   18 never executed
call   19 never executed
call   20 returned 100%
branch 21 taken 100%
branch 22 taken 0%
call   23 never executed
call   24 never executed
call   25 never executed
call   26 returned 100%
branch 27 taken 100% (fallthrough)
branch 28 taken 0% (throw)
call   29 returned 100%
branch 30 taken 0% (fallthrough)
branch 31 taken 100%
call   32 never executed
branch 33 never executed
branch 34 never executed
call   35 never executed
branch 36 never executed
branch 37 never executed
call   38 never executed
branch 39 never executed
branch 40 never executed
call   41 never executed
branch 42 never executed
branch 43 never executed
call   44 never executed
call   45 never executed
call   46 returned 100%
branch 47 taken 100%
branch 48 taken 0%
call   49 never executed
call   50 never executed
call   51 never executed
call   52 never executed
branch 53 never executed
branch 54 never executed
call   55 never executed
branch 56 never executed
branch 57 never executed
call   58 never executed
branch 59 never executed
branch 60 never executed
call   61 never executed
branch 62 never executed
branch 63 never executed
call   64 never executed
branch 65 never executed
branch 66 never executed
call   67 never executed
branch 68 never executed
branch 69 never executed
call   70 never executed
call   71 never executed
call   72 never executed
branch 73 never executed
branch 74 never executed
call   75 never executed
call   76 never executed
call   77 never executed
call   78 never executed
branch 79 never executed
branch 80 never executed
call   81 never executed
branch 82 never executed
branch 83 never executed
call   84 never executed
branch 85 never executed
branch 86 never executed
call   87 never executed
branch 88 never executed
branch 89 never executed
call   90 never executed
branch 91 never executed
branch 92 never executed
call   93 never executed
branch 94 never executed
branch 95 never executed
call   96 never executed
call   97 never executed
call   98 never executed
branch 99 never executed
branch 100 never executed
call   101 never executed
call   102 never executed
call   103 never executed
        2:   56:        x.destroy(p);
call    0 returned 100%
call    1 returned 100%
call    2 never executed
branch  3 never executed
branch  4 never executed
call    5 never executed
branch  6 never executed
branch  7 never executed
        2:   57:        x.deallocate(p, s);}}
call    0 returned 100%
call    1 returned 100%
branch  2 taken 100%
branch  3 taken 0%
call    4 never executed
call    5 returned 100%
call    6 returned 100%
branch  7 taken 100%
branch  8 taken 0%
call    9 never executed
call   10 never executed
branch 11 never executed
branch 12 never executed
call   13 never executed
branch 14 never executed
branch 15 never executed
        -:   58:
function _ZN27TestAllocator1_test_10_TestISaIiEE8TestBodyEv called 1 returned 100% blocks executed 58%
function _ZN27TestAllocator1_test_10_TestISaIdEE8TestBodyEv called 1 returned 100% blocks executed 58%
function _ZN27TestAllocator1_test_10_TestI9AllocatorIiLm100EEE8TestBodyEv called 1 returned 100% blocks executed 13%
function _ZN27TestAllocator1_test_10_TestI9AllocatorIdLm100EEE8TestBodyEv called 1 returned 100% blocks executed 13%
function _ZN27TestAllocator1_test_10_TestISaIiEED0Ev called 1 returned 100% blocks executed 100%
function _ZN27TestAllocator1_test_10_TestISaIiEED2Ev called 1 returned 100% blocks executed 75%
function _ZN27TestAllocator1_test_10_TestISaIdEED0Ev called 1 returned 100% blocks executed 100%
function _ZN27TestAllocator1_test_10_TestISaIdEED2Ev called 1 returned 100% blocks executed 75%
function _ZN27TestAllocator1_test_10_TestI9AllocatorIiLm100EEED0Ev called 1 returned 100% blocks executed 100%
function _ZN27TestAllocator1_test_10_TestI9AllocatorIiLm100EEED2Ev called 1 returned 100% blocks executed 75%
function _ZN27TestAllocator1_test_10_TestI9AllocatorIdLm100EEED0Ev called 1 returned 100% blocks executed 100%
function _ZN27TestAllocator1_test_10_TestI9AllocatorIdLm100EEED2Ev called 1 returned 100% blocks executed 75%
function _ZN27TestAllocator1_test_10_TestISaIiEEC2Ev called 1 returned 100% blocks executed 100%
function _ZN27TestAllocator1_test_10_TestISaIdEEC2Ev called 1 returned 100% blocks executed 100%
function _ZN27TestAllocator1_test_10_TestI9AllocatorIiLm100EEEC2Ev called 1 returned 100% blocks executed 100%
function _ZN27TestAllocator1_test_10_TestI9AllocatorIdLm100EEEC2Ev called 1 returned 100% blocks executed 100%
       17:   59:TYPED_TEST(TestAllocator1, test_10) {
call    0 returned 100%
call    1 returned 100%
call    2 returned 100%
branch  3 taken 0% (fallthrough)
branch  4 taken 100%
call    5 never executed
call    6 returned 100%
call    7 returned 100%
call    8 returned 100%
branch  9 taken 0% (fallthrough)
branch 10 taken 100%
call   11 never executed
call   12 returned 100%
call   13 returned 100%
call   14 returned 100%
branch 15 taken 0% (fallthrough)
branch 16 taken 100%
call   17 never executed
call   18 returned 100%
call   19 returned 100%
call   20 returned 100%
branch 21 taken 0% (fallthrough)
branch 22 taken 100%
call   23 never executed
call   24 returned 100%
call   25 returned 100%
call   26 returned 100%
call   27 returned 100%
call   28 returned 100%
        -:   60:    typedef typename TestFixture::allocator_type allocator_type;
        -:   61:    typedef typename TestFixture::value_type     value_type;
        -:   62:    typedef typename TestFixture::size_type      size_type;
        -:   63:    typedef typename TestFixture::pointer        pointer;
        -:   64:
        4:   65:          allocator_type  x;
call    0 returned 100%
call    1 returned 100%
call    2 returned 100%
branch  3 taken 100% (fallthrough)
branch  4 taken 0% (throw)
call    5 returned 100%
branch  6 taken 100% (fallthrough)
branch  7 taken 0% (throw)
        4:   66:    const size_type       s = 10;
        4:   67:    const value_type      v = 2;
        4:   68:    const pointer         b = x.allocate(s);
call    0 returned 100%
branch  1 taken 100% (fallthrough)
branch  2 taken 0% (throw)
call    3 returned 100%
branch  4 taken 100% (fallthrough)
branch  5 taken 0% (throw)
call    6 returned 100%
branch  7 taken 100% (fallthrough)
branch  8 taken 0% (throw)
call    9 returned 100%
branch 10 taken 100% (fallthrough)
branch 11 taken 0% (throw)
        4:   69:    if (b != nullptr) {
branch  0 taken 100% (fallthrough)
branch  1 taken 0%
branch  2 taken 100% (fallthrough)
branch  3 taken 0%
branch  4 taken 0% (fallthrough)
branch  5 taken 100%
branch  6 taken 0% (fallthrough)
branch  7 taken 100%
        2:   70:        pointer e = b + s;
        2:   71:        pointer p = b;
        -:   72:        try {
       24:   73:            while (p != e) {
branch  0 taken 91%
branch  1 taken 9% (fallthrough)
branch  2 taken 91%
branch  3 taken 9% (fallthrough)
branch  4 never executed
branch  5 never executed
branch  6 never executed
branch  7 never executed
       20:   74:                x.construct(p, v);
call    0 returned 100%
call    1 returned 100%
call    2 never executed
branch  3 never executed
branch  4 never executed
call    5 never executed
branch  6 never executed
branch  7 never executed
       20:   75:                ++p;}}
    =====:   76:        catch (...) {
call    0 never executed
call    1 never executed
call    2 never executed
call    3 never executed
    =====:   77:            while (b != p) {
branch  0 never executed
branch  1 never executed
branch  2 never executed
branch  3 never executed
    =====:   78:                --p;
    =====:   79:                x.destroy(p);}
call    0 never executed
branch  1 never executed
branch  2 never executed
call    3 never executed
branch  4 never executed
branch  5 never executed
    =====:   80:            x.deallocate(b, s);
call    0 never executed
branch  1 never executed
branch  2 never executed
call    3 never executed
branch  4 never executed
branch  5 never executed
    =====:   81:            throw;}
call    0 never executed
call    1 never executed
        6:   82:        ASSERT_EQ(s, std::count(b, e, v));
call    0 returned 100%
call    1 returned 100%
branch  2 taken 100% (fallthrough)
branch  3 taken 0% (throw)
call    4 returned 100%
branch  5 taken 0% (fallthrough)
branch  6 taken 100%
call    7 never executed
branch  8 never executed
branch  9 never executed
call   10 never executed
branch 11 never executed
branch 12 never executed
call   13 never executed
branch 14 never executed
branch 15 never executed
call   16 never executed
branch 17 never executed
branch 18 never executed
call   19 never executed
call   20 never executed
call   21 returned 100%
branch 22 taken 100%
branch 23 taken 0%
call   24 never executed
call   25 never executed
call   26 never executed
call   27 returned 100%
call   28 returned 100%
branch 29 taken 100% (fallthrough)
branch 30 taken 0% (throw)
call   31 returned 100%
branch 32 taken 0% (fallthrough)
branch 33 taken 100%
call   34 never executed
branch 35 never executed
branch 36 never executed
call   37 never executed
branch 38 never executed
branch 39 never executed
call   40 never executed
branch 41 never executed
branch 42 never executed
call   43 never executed
branch 44 never executed
branch 45 never executed
call   46 never executed
call   47 never executed
call   48 returned 100%
branch 49 taken 100%
branch 50 taken 0%
call   51 never executed
call   52 never executed
call   53 never executed
call   54 never executed
call   55 never executed
branch 56 never executed
branch 57 never executed
call   58 never executed
branch 59 never executed
branch 60 never executed
call   61 never executed
branch 62 never executed
branch 63 never executed
call   64 never executed
branch 65 never executed
branch 66 never executed
call   67 never executed
branch 68 never executed
branch 69 never executed
call   70 never executed
branch 71 never executed
branch 72 never executed
call   73 never executed
call   74 never executed
call   75 never executed
branch 76 never executed
branch 77 never executed
call   78 never executed
call   79 never executed
call   80 never executed
call   81 never executed
call   82 never executed
branch 83 never executed
branch 84 never executed
call   85 never executed
branch 86 never executed
branch 87 never executed
call   88 never executed
branch 89 never executed
branch 90 never executed
call   91 never executed
branch 92 never executed
branch 93 never executed
call   94 never executed
branch 95 never executed
branch 96 never executed
call   97 never executed
branch 98 never executed
branch 99 never executed
call   100 never executed
call   101 never executed
call   102 never executed
branch 103 never executed
branch 104 never executed
call   105 never executed
call   106 never executed
call   107 never executed
       24:   83:        while (b != e) {
branch  0 taken 91%
branch  1 taken 9% (fallthrough)
branch  2 taken 91%
branch  3 taken 9% (fallthrough)
branch  4 never executed
branch  5 never executed
branch  6 never executed
branch  7 never executed
       20:   84:            --e;
       20:   85:            x.destroy(e);}
call    0 returned 100%
call    1 returned 100%
call    2 never executed
branch  3 never executed
branch  4 never executed
call    5 never executed
branch  6 never executed
branch  7 never executed
        2:   86:        x.deallocate(b, s);}}
call    0 returned 100%
call    1 returned 100%
branch  2 taken 100%
branch  3 taken 0%
call    4 never executed
call    5 returned 100%
call    6 returned 100%
branch  7 taken 100%
branch  8 taken 0%
call    9 never executed
call   10 never executed
branch 11 never executed
branch 12 never executed
call   13 never executed
branch 14 never executed
branch 15 never executed
        -:   87:
        -:   88:// --------------
        -:   89:// TestAllocator2
        -:   90:// --------------
        -:   91:
function _ZN31TestAllocator2_const_index_TestD0Ev called 1 returned 100% blocks executed 100%
function _ZN31TestAllocator2_const_index_TestD2Ev called 1 returned 100% blocks executed 75%
function _ZN31TestAllocator2_const_index_Test8TestBodyEv called 1 returned 100% blocks executed 43%
function _ZN31TestAllocator2_const_index_TestC2Ev called 1 returned 100% blocks executed 100%
        5:   92:TEST(TestAllocator2, const_index) {
call    0 returned 100%
call    1 returned 100%
call    2 returned 100%
call    3 returned 100%
call    4 returned 100%
call    5 returned 100%
call    6 returned 100%
branch  7 taken 0% (fallthrough)
branch  8 taken 100%
call    9 never executed
call   10 returned 100%
        1:   93:    const Allocator<int, 100> x;
call    0 returned 100%
branch  1 taken 100% (fallthrough)
branch  2 taken 0% (throw)
        1:   94:    ASSERT_EQ(x[0], 92);
call    0 returned 100%
call    1 returned 100%
branch  2 taken 100% (fallthrough)
branch  3 taken 0% (throw)
call    4 returned 100%
branch  5 taken 0% (fallthrough)
branch  6 taken 100%
call    7 never executed
branch  8 never executed
branch  9 never executed
call   10 never executed
branch 11 never executed
branch 12 never executed
call   13 never executed
branch 14 never executed
branch 15 never executed
call   16 never executed
branch 17 never executed
branch 18 never executed
call   19 never executed
call   20 never executed
call   21 returned 100%
branch 22 taken 100%
branch 23 taken 0%
call   24 never executed
call   25 never executed
call   26 never executed
        -:   95:}
function _ZN25TestAllocator2_index_TestD0Ev called 1 returned 100% blocks executed 100%
function _ZN25TestAllocator2_index_TestD2Ev called 1 returned 100% blocks executed 75%
function _ZN25TestAllocator2_index_Test8TestBodyEv called 1 returned 100% blocks executed 43%
function _ZN25TestAllocator2_index_TestC2Ev called 1 returned 100% blocks executed 100%
        5:   96:TEST(TestAllocator2, index) {
call    0 returned 100%
call    1 returned 100%
call    2 returned 100%
call    3 returned 100%
call    4 returned 100%
call    5 returned 100%
call    6 returned 100%
branch  7 taken 0% (fallthrough)
branch  8 taken 100%
call    9 never executed
call   10 returned 100%
        1:   97:    Allocator<int, 100> x;
call    0 returned 100%
branch  1 taken 100% (fallthrough)
branch  2 taken 0% (throw)
        1:   98:    ASSERT_EQ(x[0], 92);
call    0 returned 100%
call    1 returned 100%
branch  2 taken 100% (fallthrough)
branch  3 taken 0% (throw)
call    4 returned 100%
branch  5 taken 0% (fallthrough)
branch  6 taken 100%
call    7 never executed
branch  8 never executed
branch  9 never executed
call   10 never executed
branch 11 never executed
branch 12 never executed
call   13 never executed
branch 14 never executed
branch 15 never executed
call   16 never executed
branch 17 never executed
branch 18 never executed
call   19 never executed
call   20 never executed
call   21 returned 100%
branch 22 taken 100%
branch 23 taken 0%
call   24 never executed
call   25 never executed
call   26 never executed
        -:   99:
        -:  100:}
        -:  101:
        -:  102:
        -:  103:
function _ZN30TestAllocator2_Allocator1_TestD0Ev called 1 returned 100% blocks executed 100%
function _ZN30TestAllocator2_Allocator1_TestD2Ev called 1 returned 100% blocks executed 75%
function _ZN30TestAllocator2_Allocator1_Test8TestBodyEv called 1 returned 100% blocks executed 51%
function _ZN30TestAllocator2_Allocator1_TestC2Ev called 1 returned 100% blocks executed 100%
        5:  104:TEST(TestAllocator2, Allocator1) {// bad alloc Allocator, from not initializing w/ enough space 
call    0 returned 100%
call    1 returned 100%
call    2 returned 100%
call    3 returned 100%
call    4 returned 100%
call    5 returned 100%
call    6 returned 100%
branch  7 taken 0% (fallthrough)
branch  8 taken 100%
call    9 never executed
call   10 returned 100%
        1:  105:   int verifier = 0; 
        -:  106:     try{
        1:  107:        Allocator<char,6 > x;     
call    0 returned 100%
branch  1 taken 0% (fallthrough)
branch  2 taken 100% (throw)
        -:  108:
        -:  109:     }
        2:  110:     catch(std::bad_alloc ia){
call    0 returned 100%
call    1 returned 100%
call    2 returned 100%
call    3 returned 100%
call    4 returned 100%
        -:  111:        //assert(0);
        -:  112:       
        1:  113:        verifier++;
        -:  114:     }
        1:  115:     ASSERT_EQ(verifier,1);
call    0 returned 100%
branch  1 taken 100% (fallthrough)
branch  2 taken 0% (throw)
call    3 returned 100%
branch  4 taken 0% (fallthrough)
branch  5 taken 100%
call    6 never executed
branch  7 never executed
branch  8 never executed
call    9 never executed
branch 10 never executed
branch 11 never executed
call   12 never executed
branch 13 never executed
branch 14 never executed
call   15 never executed
branch 16 never executed
branch 17 never executed
call   18 never executed
call   19 never executed
call   20 returned 100%
branch 21 taken 100%
branch 22 taken 0%
branch 23 taken 0% (fallthrough)
branch 24 taken 100%
call   25 never executed
call   26 never executed
call   27 never executed
        -:  116:
        -:  117:}
        -:  118:
function _ZN30TestAllocator2_Allocator2_TestD0Ev called 1 returned 100% blocks executed 100%
function _ZN30TestAllocator2_Allocator2_TestD2Ev called 1 returned 100% blocks executed 75%
function _ZN30TestAllocator2_Allocator2_Test8TestBodyEv called 1 returned 100% blocks executed 43%
function _ZN30TestAllocator2_Allocator2_TestC2Ev called 1 returned 100% blocks executed 100%
        5:  119:TEST(TestAllocator2, Allocator2 ) {// setting Sentinels
call    0 returned 100%
call    1 returned 100%
call    2 returned 100%
call    3 returned 100%
call    4 returned 100%
call    5 returned 100%
call    6 returned 100%
branch  7 taken 0% (fallthrough)
branch  8 taken 100%
call    9 never executed
call   10 returned 100%
        1:  120:     Allocator<double, 50 > x;
call    0 returned 100%
branch  1 taken 100% (fallthrough)
branch  2 taken 0% (throw)
        1:  121:    ASSERT_EQ(x[0],42);
call    0 returned 100%
call    1 returned 100%
branch  2 taken 100% (fallthrough)
branch  3 taken 0% (throw)
call    4 returned 100%
branch  5 taken 0% (fallthrough)
branch  6 taken 100%
call    7 never executed
branch  8 never executed
branch  9 never executed
call   10 never executed
branch 11 never executed
branch 12 never executed
call   13 never executed
branch 14 never executed
branch 15 never executed
call   16 never executed
branch 17 never executed
branch 18 never executed
call   19 never executed
call   20 never executed
call   21 returned 100%
branch 22 taken 100%
branch 23 taken 0%
call   24 never executed
call   25 never executed
call   26 never executed
        -:  122:
        -:  123:}
        -:  124:
function _ZN30TestAllocator2_Allocator3_TestD0Ev called 1 returned 100% blocks executed 100%
function _ZN30TestAllocator2_Allocator3_TestD2Ev called 1 returned 100% blocks executed 75%
function _ZN30TestAllocator2_Allocator3_Test8TestBodyEv called 1 returned 100% blocks executed 43%
function _ZN30TestAllocator2_Allocator3_TestC2Ev called 1 returned 100% blocks executed 100%
        5:  125:TEST(TestAllocator2, Allocator3 ){
call    0 returned 100%
call    1 returned 100%
call    2 returned 100%
call    3 returned 100%
call    4 returned 100%
call    5 returned 100%
call    6 returned 100%
branch  7 taken 0% (fallthrough)
branch  8 taken 100%
call    9 never executed
call   10 returned 100%
        1:  126:     Allocator<char, 127> x;
call    0 returned 100%
branch  1 taken 100% (fallthrough)
branch  2 taken 0% (throw)
        -:  127:   // int y = x[0];
        1:  128:    ASSERT_EQ(x[0],119);
call    0 returned 100%
call    1 returned 100%
branch  2 taken 100% (fallthrough)
branch  3 taken 0% (throw)
call    4 returned 100%
branch  5 taken 0% (fallthrough)
branch  6 taken 100%
call    7 never executed
branch  8 never executed
branch  9 never executed
call   10 never executed
branch 11 never executed
branch 12 never executed
call   13 never executed
branch 14 never executed
branch 15 never executed
call   16 never executed
branch 17 never executed
branch 18 never executed
call   19 never executed
call   20 never executed
call   21 returned 100%
branch 22 taken 100%
branch 23 taken 0%
call   24 never executed
call   25 never executed
call   26 never executed
        -:  129:}
        -:  130:
        -:  131:
        -:  132:
function _ZN29TestAllocator2_allocate1_TestD0Ev called 1 returned 100% blocks executed 100%
function _ZN29TestAllocator2_allocate1_TestD2Ev called 1 returned 100% blocks executed 75%
function _ZN29TestAllocator2_allocate1_Test8TestBodyEv called 1 returned 100% blocks executed 53%
function _ZN29TestAllocator2_allocate1_TestC2Ev called 1 returned 100% blocks executed 100%
        5:  133:TEST(TestAllocator2, allocate1){// no fit , throwing bad alloc when heap full
call    0 returned 100%
call    1 returned 100%
call    2 returned 100%
call    3 returned 100%
call    4 returned 100%
call    5 returned 100%
call    6 returned 100%
branch  7 taken 0% (fallthrough)
branch  8 taken 100%
call    9 never executed
call   10 returned 100%
        -:  134:      
        1:  135:       int verifier = 0;
        1:  136:        Allocator<int, 100> x;
call    0 returned 100%
branch  1 taken 100% (fallthrough)
branch  2 taken 0% (throw)
        1:  137:         int* p = x.allocate(23); // 92 bytes
call    0 returned 100%
branch  1 taken 100% (fallthrough)
branch  2 taken 0% (throw)
        -:  138:        try {
        1:  139:       int* q =  x.allocate(1);  
call    0 returned 100%
branch  1 taken 0% (fallthrough)
branch  2 taken 100% (throw)
        -:  140:     }
        2:  141:     catch(std::bad_alloc ia){
call    0 returned 100%
call    1 returned 100%
call    2 returned 100%
call    3 returned 100%
call    4 returned 100%
        1:  142:        verifier++;
        -:  143:     }
        1:  144:     ASSERT_EQ(verifier,1);
call    0 returned 100%
branch  1 taken 100% (fallthrough)
branch  2 taken 0% (throw)
call    3 returned 100%
branch  4 taken 0% (fallthrough)
branch  5 taken 100%
call    6 never executed
branch  7 never executed
branch  8 never executed
call    9 never executed
branch 10 never executed
branch 11 never executed
call   12 never executed
branch 13 never executed
branch 14 never executed
call   15 never executed
branch 16 never executed
branch 17 never executed
call   18 never executed
call   19 never executed
call   20 returned 100%
branch 21 taken 100%
branch 22 taken 0%
branch 23 taken 0% (fallthrough)
branch 24 taken 100%
call   25 never executed
call   26 never executed
call   27 never executed
        -:  145:
        -:  146:}
        -:  147:
function _ZN29TestAllocator2_allocate2_TestD0Ev called 1 returned 100% blocks executed 100%
function _ZN29TestAllocator2_allocate2_TestD2Ev called 1 returned 100% blocks executed 75%
function _ZN29TestAllocator2_allocate2_Test8TestBodyEv called 1 returned 100% blocks executed 51%
function _ZN29TestAllocator2_allocate2_TestC2Ev called 1 returned 100% blocks executed 100%
        5:  148:TEST(TestAllocator2, allocate2){// bad alloc, value in allocate too large 
call    0 returned 100%
call    1 returned 100%
call    2 returned 100%
call    3 returned 100%
call    4 returned 100%
call    5 returned 100%
call    6 returned 100%
branch  7 taken 0% (fallthrough)
branch  8 taken 100%
call    9 never executed
call   10 returned 100%
        1:  149:   int verifier = 0;
        1:  150:    Allocator<int, 100> x;
call    0 returned 100%
branch  1 taken 100% (fallthrough)
branch  2 taken 0% (throw)
        -:  151:     try {
        1:  152:    int * p = x.allocate(25);
call    0 returned 100%
branch  1 taken 0% (fallthrough)
branch  2 taken 100% (throw)
        -:  153:    }
        2:  154:     catch(std::bad_alloc ia){
call    0 returned 100%
call    1 returned 100%
call    2 returned 100%
call    3 returned 100%
call    4 returned 100%
        1:  155:        verifier++;
        -:  156:     }
        1:  157:     ASSERT_EQ(verifier,1);
call    0 returned 100%
branch  1 taken 100% (fallthrough)
branch  2 taken 0% (throw)
call    3 returned 100%
branch  4 taken 0% (fallthrough)
branch  5 taken 100%
call    6 never executed
branch  7 never executed
branch  8 never executed
call    9 never executed
branch 10 never executed
branch 11 never executed
call   12 never executed
branch 13 never executed
branch 14 never executed
call   15 never executed
branch 16 never executed
branch 17 never executed
call   18 never executed
call   19 never executed
call   20 returned 100%
branch 21 taken 100%
branch 22 taken 0%
branch 23 taken 0% (fallthrough)
branch 24 taken 100%
call   25 never executed
call   26 never executed
call   27 never executed
        -:  158:
        -:  159:}
        -:  160:
function _ZN29TestAllocator2_allocate3_TestD0Ev called 1 returned 100% blocks executed 100%
function _ZN29TestAllocator2_allocate3_TestD2Ev called 1 returned 100% blocks executed 75%
function _ZN29TestAllocator2_allocate3_Test8TestBodyEv called 1 returned 100% blocks executed 39%
function _ZN29TestAllocator2_allocate3_TestC2Ev called 1 returned 100% blocks executed 100%
        5:  161:TEST(TestAllocator2, allocate3) {// i guess first fit 
call    0 returned 100%
call    1 returned 100%
call    2 returned 100%
call    3 returned 100%
call    4 returned 100%
call    5 returned 100%
call    6 returned 100%
branch  7 taken 0% (fallthrough)
branch  8 taken 100%
call    9 never executed
call   10 returned 100%
        1:  162:    Allocator<int, 100> x;
call    0 returned 100%
branch  1 taken 100% (fallthrough)
branch  2 taken 0% (throw)
        1:  163:    int a = x[0]; //wtf is this
call    0 returned 100%
        1:  164:    ASSERT_EQ(a, 92);
call    0 returned 100%
branch  1 taken 100% (fallthrough)
branch  2 taken 0% (throw)
call    3 returned 100%
branch  4 taken 0% (fallthrough)
branch  5 taken 100%
call    6 never executed
branch  7 never executed
branch  8 never executed
call    9 never executed
branch 10 never executed
branch 11 never executed
call   12 never executed
branch 13 never executed
branch 14 never executed
call   15 never executed
branch 16 never executed
branch 17 never executed
call   18 never executed
call   19 never executed
call   20 returned 100%
branch 21 taken 100%
branch 22 taken 0%
call   23 never executed
call   24 never executed
call   25 never executed
        1:  165:    int *p = x.allocate(3);
call    0 returned 100%
branch  1 taken 100% (fallthrough)
branch  2 taken 0% (throw)
        -:  166:   
        1:  167:   ASSERT_EQ(x[0],-12);
call    0 returned 100%
call    1 returned 100%
branch  2 taken 100% (fallthrough)
branch  3 taken 0% (throw)
call    4 returned 100%
branch  5 taken 0% (fallthrough)
branch  6 taken 100%
call    7 never executed
branch  8 never executed
branch  9 never executed
call   10 never executed
branch 11 never executed
branch 12 never executed
call   13 never executed
branch 14 never executed
branch 15 never executed
call   16 never executed
branch 17 never executed
branch 18 never executed
call   19 never executed
call   20 never executed
call   21 returned 100%
branch 22 taken 100%
branch 23 taken 0%
call   24 never executed
call   25 never executed
call   26 never executed
        -:  168:
        -:  169:}
        -:  170:
        -:  171:
        -:  172:
        -:  173:
function _ZN26TestAllocator2_valid1_TestD0Ev called 1 returned 100% blocks executed 100%
function _ZN26TestAllocator2_valid1_TestD2Ev called 1 returned 100% blocks executed 75%
function _ZN26TestAllocator2_valid1_Test8TestBodyEv called 1 returned 100% blocks executed 43%
function _ZN26TestAllocator2_valid1_TestC2Ev called 1 returned 100% blocks executed 100%
        5:  174:TEST(TestAllocator2, valid1) {
call    0 returned 100%
call    1 returned 100%
call    2 returned 100%
call    3 returned 100%
call    4 returned 100%
call    5 returned 100%
call    6 returned 100%
branch  7 taken 0% (fallthrough)
branch  8 taken 100%
call    9 never executed
call   10 returned 100%
        -:  175:
        1:  176:    Allocator<int, 100> x;
call    0 returned 100%
branch  1 taken 100% (fallthrough)
branch  2 taken 0% (throw)
        1:  177:     x.allocate(10);
call    0 returned 100%
branch  1 taken 100% (fallthrough)
branch  2 taken 0% (throw)
        1:  178:    ASSERT_EQ(x.valid(), true);
call    0 returned 100%
branch  1 taken 100% (fallthrough)
branch  2 taken 0% (throw)
call    3 returned 100%
branch  4 taken 100% (fallthrough)
branch  5 taken 0% (throw)
call    6 returned 100%
branch  7 taken 0% (fallthrough)
branch  8 taken 100%
call    9 never executed
branch 10 never executed
branch 11 never executed
call   12 never executed
branch 13 never executed
branch 14 never executed
call   15 never executed
branch 16 never executed
branch 17 never executed
call   18 never executed
branch 19 never executed
branch 20 never executed
call   21 never executed
call   22 never executed
call   23 returned 100%
branch 24 taken 100%
branch 25 taken 0%
call   26 never executed
call   27 never executed
call   28 never executed
        -:  179:    
        -:  180:}
        -:  181:
        -:  182:
function _ZN26TestAllocator2_valid2_TestD0Ev called 1 returned 100% blocks executed 100%
function _ZN26TestAllocator2_valid2_TestD2Ev called 1 returned 100% blocks executed 75%
function _ZN26TestAllocator2_valid2_Test8TestBodyEv called 1 returned 100% blocks executed 39%
function _ZN26TestAllocator2_valid2_TestC2Ev called 1 returned 100% blocks executed 100%
        5:  183:TEST(TestAllocator2, valid2) {
call    0 returned 100%
call    1 returned 100%
call    2 returned 100%
call    3 returned 100%
call    4 returned 100%
call    5 returned 100%
call    6 returned 100%
branch  7 taken 0% (fallthrough)
branch  8 taken 100%
call    9 never executed
call   10 returned 100%
        -:  184:
        1:  185:    Allocator<int, 100> x;
call    0 returned 100%
branch  1 taken 100% (fallthrough)
branch  2 taken 0% (throw)
        1:  186:     int* p = x.allocate(10);
call    0 returned 100%
branch  1 taken 100% (fallthrough)
branch  2 taken 0% (throw)
        1:  187:       ASSERT_EQ(x.valid(), true);
call    0 returned 100%
branch  1 taken 100% (fallthrough)
branch  2 taken 0% (throw)
call    3 returned 100%
branch  4 taken 100% (fallthrough)
branch  5 taken 0% (throw)
call    6 returned 100%
branch  7 taken 0% (fallthrough)
branch  8 taken 100%
call    9 never executed
branch 10 never executed
branch 11 never executed
call   12 never executed
branch 13 never executed
branch 14 never executed
call   15 never executed
branch 16 never executed
branch 17 never executed
call   18 never executed
branch 19 never executed
branch 20 never executed
call   21 never executed
call   22 never executed
call   23 returned 100%
branch 24 taken 100%
branch 25 taken 0%
call   26 never executed
call   27 never executed
call   28 never executed
        1:  188:       x.allocate(5);
call    0 returned 100%
branch  1 taken 100% (fallthrough)
branch  2 taken 0% (throw)
        1:  189:        ASSERT_EQ(x.valid(), true);
call    0 returned 100%
branch  1 taken 100% (fallthrough)
branch  2 taken 0% (throw)
call    3 returned 100%
branch  4 taken 100% (fallthrough)
branch  5 taken 0% (throw)
call    6 returned 100%
branch  7 taken 0% (fallthrough)
branch  8 taken 100%
call    9 never executed
branch 10 never executed
branch 11 never executed
call   12 never executed
branch 13 never executed
branch 14 never executed
call   15 never executed
branch 16 never executed
branch 17 never executed
call   18 never executed
branch 19 never executed
branch 20 never executed
call   21 never executed
call   22 never executed
call   23 returned 100%
branch 24 taken 100%
branch 25 taken 0%
call   26 never executed
call   27 never executed
call   28 never executed
        -:  190:    
        -:  191:}
        -:  192:
        -:  193:
function _ZN26TestAllocator2_valid3_TestD0Ev called 1 returned 100% blocks executed 100%
function _ZN26TestAllocator2_valid3_TestD2Ev called 1 returned 100% blocks executed 75%
function _ZN26TestAllocator2_valid3_Test8TestBodyEv called 1 returned 100% blocks executed 37%
function _ZN26TestAllocator2_valid3_TestC2Ev called 1 returned 100% blocks executed 100%
        5:  194:TEST(TestAllocator2, valid3) {
call    0 returned 100%
call    1 returned 100%
call    2 returned 100%
call    3 returned 100%
call    4 returned 100%
call    5 returned 100%
call    6 returned 100%
branch  7 taken 0% (fallthrough)
branch  8 taken 100%
call    9 never executed
call   10 returned 100%
        -:  195:
        1:  196:    Allocator<int, 100> x;
call    0 returned 100%
branch  1 taken 100% (fallthrough)
branch  2 taken 0% (throw)
        1:  197:      x.allocate(2);
call    0 returned 100%
branch  1 taken 100% (fallthrough)
branch  2 taken 0% (throw)
        1:  198:      ASSERT_EQ(x.valid(), true);
call    0 returned 100%
branch  1 taken 100% (fallthrough)
branch  2 taken 0% (throw)
call    3 returned 100%
branch  4 taken 100% (fallthrough)
branch  5 taken 0% (throw)
call    6 returned 100%
branch  7 taken 0% (fallthrough)
branch  8 taken 100%
call    9 never executed
branch 10 never executed
branch 11 never executed
call   12 never executed
branch 13 never executed
branch 14 never executed
call   15 never executed
branch 16 never executed
branch 17 never executed
call   18 never executed
branch 19 never executed
branch 20 never executed
call   21 never executed
call   22 never executed
call   23 returned 100%
branch 24 taken 100%
branch 25 taken 0%
call   26 never executed
call   27 never executed
call   28 never executed
        1:  199:      x.allocate(3);
call    0 returned 100%
branch  1 taken 100% (fallthrough)
branch  2 taken 0% (throw)
        1:  200:    ASSERT_EQ(x.valid(), true);
call    0 returned 100%
branch  1 taken 100% (fallthrough)
branch  2 taken 0% (throw)
call    3 returned 100%
branch  4 taken 100% (fallthrough)
branch  5 taken 0% (throw)
call    6 returned 100%
branch  7 taken 0% (fallthrough)
branch  8 taken 100%
call    9 never executed
branch 10 never executed
branch 11 never executed
call   12 never executed
branch 13 never executed
branch 14 never executed
call   15 never executed
branch 16 never executed
branch 17 never executed
call   18 never executed
branch 19 never executed
branch 20 never executed
call   21 never executed
call   22 never executed
call   23 returned 100%
branch 24 taken 100%
branch 25 taken 0%
call   26 never executed
call   27 never executed
call   28 never executed
        1:  201:    x.allocate(1);
call    0 returned 100%
branch  1 taken 100% (fallthrough)
branch  2 taken 0% (throw)
        1:  202:    ASSERT_EQ(x.valid(), true);
call    0 returned 100%
branch  1 taken 100% (fallthrough)
branch  2 taken 0% (throw)
call    3 returned 100%
branch  4 taken 100% (fallthrough)
branch  5 taken 0% (throw)
call    6 returned 100%
branch  7 taken 0% (fallthrough)
branch  8 taken 100%
call    9 never executed
branch 10 never executed
branch 11 never executed
call   12 never executed
branch 13 never executed
branch 14 never executed
call   15 never executed
branch 16 never executed
branch 17 never executed
call   18 never executed
branch 19 never executed
branch 20 never executed
call   21 never executed
call   22 never executed
call   23 returned 100%
branch 24 taken 100%
branch 25 taken 0%
call   26 never executed
call   27 never executed
call   28 never executed
        -:  203:
        -:  204:} 
        -:  205:
        -:  206:
        -:  207:
function _ZN31TestAllocator2_deallocate1_TestD0Ev called 1 returned 100% blocks executed 100%
function _ZN31TestAllocator2_deallocate1_TestD2Ev called 1 returned 100% blocks executed 75%
function _ZN31TestAllocator2_deallocate1_Test8TestBodyEv called 1 returned 100% blocks executed 12%
function _ZN31TestAllocator2_deallocate1_TestC2Ev called 1 returned 100% blocks executed 100%
        5:  208:TEST(TestAllocator2, deallocate1){//deallocate , coallesce after 
call    0 returned 100%
call    1 returned 100%
call    2 returned 100%
call    3 returned 100%
call    4 returned 100%
call    5 returned 100%
call    6 returned 100%
branch  7 taken 0% (fallthrough)
branch  8 taken 100%
call    9 never executed
call   10 returned 100%
        1:  209:     Allocator<int, 100> x;
call    0 returned 100%
branch  1 taken 100% (fallthrough)
branch  2 taken 0% (throw)
        1:  210:    int* p = x.allocate(4);   
call    0 returned 100%
branch  1 taken 100% (fallthrough)
branch  2 taken 0% (throw)
        1:  211:    int* q = x.allocate(5);
call    0 returned 100%
branch  1 taken 100% (fallthrough)
branch  2 taken 0% (throw)
        -:  212:
        1:  213:        if (p != nullptr) {
branch  0 taken 0% (fallthrough)
branch  1 taken 100%
    #####:  214:        x.deallocate(p,  4);
call    0 never executed
branch  1 never executed
branch  2 never executed
    #####:  215:        ASSERT_EQ(x[0],16);
call    0 never executed
call    1 never executed
branch  2 never executed
branch  3 never executed
call    4 never executed
branch  5 never executed
branch  6 never executed
call    7 never executed
branch  8 never executed
branch  9 never executed
call   10 never executed
branch 11 never executed
branch 12 never executed
call   13 never executed
branch 14 never executed
branch 15 never executed
call   16 never executed
branch 17 never executed
branch 18 never executed
call   19 never executed
call   20 never executed
call   21 never executed
branch 22 never executed
branch 23 never executed
call   24 never executed
call   25 never executed
call   26 never executed
    #####:  216:         x.deallocate(q, 5);
call    0 never executed
branch  1 never executed
branch  2 never executed
    #####:  217:        ASSERT_EQ(x[0],92); 
call    0 never executed
call    1 never executed
branch  2 never executed
branch  3 never executed
call    4 never executed
branch  5 never executed
branch  6 never executed
call    7 never executed
branch  8 never executed
branch  9 never executed
call   10 never executed
branch 11 never executed
branch 12 never executed
call   13 never executed
branch 14 never executed
branch 15 never executed
call   16 never executed
branch 17 never executed
branch 18 never executed
call   19 never executed
call   20 never executed
call   21 never executed
branch 22 never executed
branch 23 never executed
call   24 never executed
call   25 never executed
call   26 never executed
        -:  218:     }
        -:  219:}
        -:  220:
function _ZN31TestAllocator2_deallocate2_TestD0Ev called 1 returned 100% blocks executed 100%
function _ZN31TestAllocator2_deallocate2_TestD2Ev called 1 returned 100% blocks executed 75%
function _ZN31TestAllocator2_deallocate2_Test8TestBodyEv called 1 returned 100% blocks executed 12%
function _ZN31TestAllocator2_deallocate2_TestC2Ev called 1 returned 100% blocks executed 100%
        5:  221:TEST(TestAllocator2, deallocate2){//deallocate, coallesce before 
call    0 returned 100%
call    1 returned 100%
call    2 returned 100%
call    3 returned 100%
call    4 returned 100%
call    5 returned 100%
call    6 returned 100%
branch  7 taken 0% (fallthrough)
branch  8 taken 100%
call    9 never executed
call   10 returned 100%
        1:  222:     Allocator<int, 100> x;
call    0 returned 100%
branch  1 taken 100% (fallthrough)
branch  2 taken 0% (throw)
        1:  223:    int* p = x.allocate(4);   
call    0 returned 100%
branch  1 taken 100% (fallthrough)
branch  2 taken 0% (throw)
        1:  224:    int* q = x.allocate(5);
call    0 returned 100%
branch  1 taken 100% (fallthrough)
branch  2 taken 0% (throw)
        -:  225:
        1:  226:        if (q != nullptr) {
branch  0 taken 0% (fallthrough)
branch  1 taken 100%
    #####:  227:        x.deallocate(q, 4);
call    0 never executed
branch  1 never executed
branch  2 never executed
    #####:  228:        ASSERT_EQ(x[24],68);
call    0 never executed
call    1 never executed
branch  2 never executed
branch  3 never executed
call    4 never executed
branch  5 never executed
branch  6 never executed
call    7 never executed
branch  8 never executed
branch  9 never executed
call   10 never executed
branch 11 never executed
branch 12 never executed
call   13 never executed
branch 14 never executed
branch 15 never executed
call   16 never executed
branch 17 never executed
branch 18 never executed
call   19 never executed
call   20 never executed
call   21 never executed
branch 22 never executed
branch 23 never executed
call   24 never executed
call   25 never executed
call   26 never executed
    #####:  229:        x.deallocate(p, 5);
call    0 never executed
branch  1 never executed
branch  2 never executed
    #####:  230:        ASSERT_EQ(x[0],92); 
call    0 never executed
call    1 never executed
branch  2 never executed
branch  3 never executed
call    4 never executed
branch  5 never executed
branch  6 never executed
call    7 never executed
branch  8 never executed
branch  9 never executed
call   10 never executed
branch 11 never executed
branch 12 never executed
call   13 never executed
branch 14 never executed
branch 15 never executed
call   16 never executed
branch 17 never executed
branch 18 never executed
call   19 never executed
call   20 never executed
call   21 never executed
branch 22 never executed
branch 23 never executed
call   24 never executed
call   25 never executed
call   26 never executed
        -:  231:     }
        -:  232:}
        -:  233:
function _ZN31TestAllocator2_deallocate3_TestD0Ev called 1 returned 100% blocks executed 100%
function _ZN31TestAllocator2_deallocate3_TestD2Ev called 1 returned 100% blocks executed 75%
function _ZN31TestAllocator2_deallocate3_Test8TestBodyEv called 1 returned 100% blocks executed 50%
function _ZN31TestAllocator2_deallocate3_TestC2Ev called 1 returned 100% blocks executed 100%
        5:  234:TEST(TestAllocator2, deallocate3) { //catching an exception 
call    0 returned 100%
call    1 returned 100%
call    2 returned 100%
call    3 returned 100%
call    4 returned 100%
call    5 returned 100%
call    6 returned 100%
branch  7 taken 0% (fallthrough)
branch  8 taken 100%
call    9 never executed
call   10 returned 100%
        1:  235:   int verifier = 0; 
        1:  236:   int z = -10;
        1:  237:   int* zp = &z;
        -:  238:
        1:  239:     Allocator<int, 100> x;
call    0 returned 100%
branch  1 taken 100% (fallthrough)
branch  2 taken 0% (throw)
        1:  240:     if (zp != nullptr){
branch  0 taken 100% (fallthrough)
branch  1 taken 0%
        -:  241:
        -:  242:     try{
        1:  243:        x.deallocate(zp,1);
call    0 returned 100%
branch  1 taken 0% (fallthrough)
branch  2 taken 100% (throw)
        -:  244:
        -:  245:     }
        2:  246:     catch(std::invalid_argument& e){
call    0 returned 100%
call    1 returned 100%
        -:  247:        //assert(0);
        -:  248:       
        1:  249:        verifier++;
        -:  250:     }
        1:  251:     ASSERT_EQ(verifier,1);
call    0 returned 100%
branch  1 taken 100% (fallthrough)
branch  2 taken 0% (throw)
call    3 returned 100%
branch  4 taken 0% (fallthrough)
branch  5 taken 100%
call    6 never executed
branch  7 never executed
branch  8 never executed
call    9 never executed
branch 10 never executed
branch 11 never executed
call   12 never executed
branch 13 never executed
branch 14 never executed
call   15 never executed
branch 16 never executed
branch 17 never executed
call   18 never executed
call   19 never executed
call   20 returned 100%
branch 21 taken 100%
branch 22 taken 0%
branch 23 taken 0% (fallthrough)
branch 24 taken 100%
call   25 never executed
call   26 never executed
call   27 never executed
        -:  252: }
        -:  253:
        -:  254:
        -:  255:}
        -:  256:
        -:  257:
        -:  258:
        -:  259:// --------------
        -:  260:// TestAllocator3
        -:  261:// --------------
        -:  262:
        -:  263:template <typename A>
function _ZN14TestAllocator3I9AllocatorIiLm100EEED0Ev called 0 returned 0% blocks executed 0%
function _ZN14TestAllocator3I9AllocatorIiLm100EEED2Ev called 2 returned 100% blocks executed 75%
function _ZN14TestAllocator3I9AllocatorIiLm100EEEC2Ev called 2 returned 100% blocks executed 100%
function _ZN14TestAllocator3I9AllocatorIdLm100EEED0Ev called 0 returned 0% blocks executed 0%
function _ZN14TestAllocator3I9AllocatorIdLm100EEED2Ev called 2 returned 100% blocks executed 75%
function _ZN14TestAllocator3I9AllocatorIdLm100EEEC2Ev called 2 returned 100% blocks executed 100%
        8:  264:struct TestAllocator3 : testing::Test {
call    0 never executed
call    1 never executed
call    2 returned 100%
branch  3 taken 0% (fallthrough)
branch  4 taken 100%
call    5 never executed
call    6 returned 100%
call    7 never executed
call    8 never executed
call    9 returned 100%
branch 10 taken 0% (fallthrough)
branch 11 taken 100%
call   12 never executed
call   13 returned 100%
        -:  265:    // --------
        -:  266:    // typedefs
        -:  267:    // --------
        -:  268:
        -:  269:    typedef          A             allocator_type;
        -:  270:    typedef typename A::value_type value_type;
        -:  271:    typedef typename A::size_type  size_type;
        -:  272:    typedef typename A::pointer    pointer;};
        -:  273:
        -:  274:typedef testing::Types<
        -:  275:            Allocator<int,    100>,
        -:  276:            Allocator<double, 100> >
        -:  277:        my_types_2;
        -:  278:
        -:  279:TYPED_TEST_CASE(TestAllocator3, my_types_2);
        -:  280:
function _ZN26TestAllocator3_test_1_TestI9AllocatorIiLm100EEE8TestBodyEv called 1 returned 100% blocks executed 19%
function _ZN26TestAllocator3_test_1_TestI9AllocatorIdLm100EEE8TestBodyEv called 1 returned 100% blocks executed 19%
function _ZN26TestAllocator3_test_1_TestI9AllocatorIiLm100EEED0Ev called 1 returned 100% blocks executed 100%
function _ZN26TestAllocator3_test_1_TestI9AllocatorIiLm100EEED2Ev called 1 returned 100% blocks executed 75%
function _ZN26TestAllocator3_test_1_TestI9AllocatorIdLm100EEED0Ev called 1 returned 100% blocks executed 100%
function _ZN26TestAllocator3_test_1_TestI9AllocatorIdLm100EEED2Ev called 1 returned 100% blocks executed 75%
function _ZN26TestAllocator3_test_1_TestI9AllocatorIiLm100EEEC2Ev called 1 returned 100% blocks executed 100%
function _ZN26TestAllocator3_test_1_TestI9AllocatorIdLm100EEEC2Ev called 1 returned 100% blocks executed 100%
        9:  281:TYPED_TEST(TestAllocator3, test_1) {
call    0 returned 100%
call    1 returned 100%
call    2 returned 100%
branch  3 taken 0% (fallthrough)
branch  4 taken 100%
call    5 never executed
call    6 returned 100%
call    7 returned 100%
call    8 returned 100%
branch  9 taken 0% (fallthrough)
branch 10 taken 100%
call   11 never executed
call   12 returned 100%
call   13 returned 100%
call   14 returned 100%
        -:  282:    typedef typename TestFixture::allocator_type allocator_type;
        -:  283:    typedef typename TestFixture::value_type     value_type;
        -:  284:    typedef typename TestFixture::size_type      size_type;
        -:  285:    typedef typename TestFixture::pointer        pointer;
        -:  286:
        2:  287:          allocator_type x;
call    0 returned 100%
branch  1 taken 100% (fallthrough)
branch  2 taken 0% (throw)
call    3 returned 100%
branch  4 taken 100% (fallthrough)
branch  5 taken 0% (throw)
        2:  288:    const size_type      s = 1;
        2:  289:    const value_type     v = 2;
        2:  290:    const pointer        p = x.allocate(s);
call    0 returned 100%
branch  1 taken 100% (fallthrough)
branch  2 taken 0% (throw)
call    3 returned 100%
branch  4 taken 100% (fallthrough)
branch  5 taken 0% (throw)
        2:  291:    if (p != nullptr) {
branch  0 taken 0% (fallthrough)
branch  1 taken 100%
branch  2 taken 0% (fallthrough)
branch  3 taken 100%
    #####:  292:        x.construct(p, v);
call    0 never executed
branch  1 never executed
branch  2 never executed
call    3 never executed
branch  4 never executed
branch  5 never executed
        2:  293:        ASSERT_EQ(v, *p);
call    0 never executed
branch  1 never executed
branch  2 never executed
call    3 never executed
branch  4 never executed
branch  5 never executed
call    6 never executed
branch  7 never executed
branch  8 never executed
call    9 never executed
branch 10 never executed
branch 11 never executed
call   12 never executed
branch 13 never executed
branch 14 never executed
call   15 never executed
branch 16 never executed
branch 17 never executed
call   18 never executed
call   19 never executed
call   20 never executed
branch 21 never executed
branch 22 never executed
call   23 never executed
call   24 never executed
call   25 never executed
call   26 never executed
branch 27 never executed
branch 28 never executed
call   29 never executed
branch 30 never executed
branch 31 never executed
call   32 never executed
branch 33 never executed
branch 34 never executed
call   35 never executed
branch 36 never executed
branch 37 never executed
call   38 never executed
branch 39 never executed
branch 40 never executed
call   41 never executed
branch 42 never executed
branch 43 never executed
call   44 never executed
call   45 never executed
call   46 never executed
branch 47 never executed
branch 48 never executed
call   49 never executed
call   50 never executed
call   51 never executed
    #####:  294:        x.destroy(p);
call    0 never executed
branch  1 never executed
branch  2 never executed
call    3 never executed
branch  4 never executed
branch  5 never executed
    #####:  295:        x.deallocate(p, s);}}
call    0 never executed
branch  1 never executed
branch  2 never executed
call    3 never executed
branch  4 never executed
branch  5 never executed
        -:  296:
function _ZN27TestAllocator3_test_10_TestI9AllocatorIiLm100EEE8TestBodyEv called 1 returned 100% blocks executed 13%
function _ZN27TestAllocator3_test_10_TestI9AllocatorIdLm100EEE8TestBodyEv called 1 returned 100% blocks executed 13%
function _ZN27TestAllocator3_test_10_TestI9AllocatorIiLm100EEED0Ev called 1 returned 100% blocks executed 100%
function _ZN27TestAllocator3_test_10_TestI9AllocatorIiLm100EEED2Ev called 1 returned 100% blocks executed 75%
function _ZN27TestAllocator3_test_10_TestI9AllocatorIdLm100EEED0Ev called 1 returned 100% blocks executed 100%
function _ZN27TestAllocator3_test_10_TestI9AllocatorIdLm100EEED2Ev called 1 returned 100% blocks executed 75%
function _ZN27TestAllocator3_test_10_TestI9AllocatorIiLm100EEEC2Ev called 1 returned 100% blocks executed 100%
function _ZN27TestAllocator3_test_10_TestI9AllocatorIdLm100EEEC2Ev called 1 returned 100% blocks executed 100%
        9:  297:TYPED_TEST(TestAllocator3, test_10) {
call    0 returned 100%
call    1 returned 100%
call    2 returned 100%
branch  3 taken 0% (fallthrough)
branch  4 taken 100%
call    5 never executed
call    6 returned 100%
call    7 returned 100%
call    8 returned 100%
branch  9 taken 0% (fallthrough)
branch 10 taken 100%
call   11 never executed
call   12 returned 100%
call   13 returned 100%
call   14 returned 100%
        -:  298:    typedef typename TestFixture::allocator_type allocator_type;
        -:  299:    typedef typename TestFixture::value_type     value_type;
        -:  300:    typedef typename TestFixture::size_type      size_type;
        -:  301:    typedef typename TestFixture::pointer        pointer;
        -:  302:
        2:  303:          allocator_type x;
call    0 returned 100%
branch  1 taken 100% (fallthrough)
branch  2 taken 0% (throw)
call    3 returned 100%
branch  4 taken 100% (fallthrough)
branch  5 taken 0% (throw)
        2:  304:    const size_type      s = 10;  
        2:  305:    const value_type     v = 2;  
        2:  306:    const pointer        b = x.allocate(s); 
call    0 returned 100%
branch  1 taken 100% (fallthrough)
branch  2 taken 0% (throw)
call    3 returned 100%
branch  4 taken 100% (fallthrough)
branch  5 taken 0% (throw)
        2:  307:    if (b != nullptr) {
branch  0 taken 0% (fallthrough)
branch  1 taken 100%
branch  2 taken 0% (fallthrough)
branch  3 taken 100%
    #####:  308:        pointer e = b + s;// 
    #####:  309:        pointer p = b;
        -:  310:        try {
    #####:  311:            while (p != e) {
branch  0 never executed
branch  1 never executed
branch  2 never executed
branch  3 never executed
    #####:  312:                x.construct(p, v);
call    0 never executed
branch  1 never executed
branch  2 never executed
call    3 never executed
branch  4 never executed
branch  5 never executed
    #####:  313:                ++p;}}
    =====:  314:        catch (...) {
call    0 never executed
call    1 never executed
call    2 never executed
call    3 never executed
    =====:  315:            while (b != p) {
branch  0 never executed
branch  1 never executed
branch  2 never executed
branch  3 never executed
    =====:  316:                --p;
    =====:  317:                x.destroy(p);}
call    0 never executed
branch  1 never executed
branch  2 never executed
call    3 never executed
branch  4 never executed
branch  5 never executed
    =====:  318:            x.deallocate(b, s);
call    0 never executed
branch  1 never executed
branch  2 never executed
call    3 never executed
branch  4 never executed
branch  5 never executed
    =====:  319:            throw;}
call    0 never executed
call    1 never executed
        2:  320:        ASSERT_EQ(s, std::count(b, e, v));
call    0 never executed
call    1 never executed
branch  2 never executed
branch  3 never executed
call    4 never executed
branch  5 never executed
branch  6 never executed
call    7 never executed
branch  8 never executed
branch  9 never executed
call   10 never executed
branch 11 never executed
branch 12 never executed
call   13 never executed
branch 14 never executed
branch 15 never executed
call   16 never executed
branch 17 never executed
branch 18 never executed
call   19 never executed
call   20 never executed
call   21 never executed
branch 22 never executed
branch 23 never executed
call   24 never executed
call   25 never executed
call   26 never executed
call   27 never executed
call   28 never executed
branch 29 never executed
branch 30 never executed
call   31 never executed
branch 32 never executed
branch 33 never executed
call   34 never executed
branch 35 never executed
branch 36 never executed
call   37 never executed
branch 38 never executed
branch 39 never executed
call   40 never executed
branch 41 never executed
branch 42 never executed
call   43 never executed
branch 44 never executed
branch 45 never executed
call   46 never executed
call   47 never executed
call   48 never executed
branch 49 never executed
branch 50 never executed
call   51 never executed
call   52 never executed
call   53 never executed
    #####:  321:        while (b != e) {
branch  0 never executed
branch  1 never executed
branch  2 never executed
branch  3 never executed
    #####:  322:            --e;
    #####:  323:            x.destroy(e);}
call    0 never executed
branch  1 never executed
branch  2 never executed
call    3 never executed
branch  4 never executed
branch  5 never executed
function _GLOBAL__sub_I__Z10intToBytesi called 1 returned 100% blocks executed 100%
function _Z41__static_initialization_and_destruction_0ii called 1 returned 100% blocks executed 100%
        3:  324:        x.deallocate(b, s);}}
call    0 returned 100%
call    1 never executed
branch  2 never executed
branch  3 never executed
call    4 never executed
branch  5 never executed
branch  6 never executed
branch  7 taken 100% (fallthrough)
branch  8 taken 0%
branch  9 taken 100% (fallthrough)
branch 10 taken 0%
        -:  325:
